<?xml version="1.0" encoding="UTF-8"?>
<!-- Generated by org.testng.reporters.JUnitReportReporter -->
<testsuite hostname="CGSCLXI44683180" name="practice.LibraryTest" tests="1" failures="0" timestamp="18 Aug 2019 12:05:40 GMT" time="5.671" errors="0">
  <testcase name="LibraryPostCall" time="5.671" classname="practice.LibraryTest"/>
</testsuite> <!-- practice.LibraryTest -->
