<?xml version="1.0" encoding="UTF-8"?>
<!-- Generated by org.testng.reporters.JUnitReportReporter -->
<testsuite hostname="CGSCLXI44683180" name="practice.Test3" tests="1" failures="0" timestamp="17 Aug 2019 10:34:22 GMT" time="5.427" errors="0">
  <testcase name="postData" time="5.427" classname="practice.Test3"/>
</testsuite> <!-- practice.Test3 -->
