<?xml version="1.0" encoding="UTF-8"?>
<!-- Generated by org.testng.reporters.JUnitReportReporter -->
<testsuite hostname="CGSCLXI44683180" name="jiraAPITests.Test1" tests="1" failures="0" timestamp="18 Aug 2019 18:31:39 GMT" time="5.145" errors="0">
  <testcase name="jiraAppTest" time="5.145" classname="jiraAPITests.Test1"/>
</testsuite> <!-- jiraAPITests.Test1 -->
