<?xml version="1.0" encoding="UTF-8"?>
<!-- Generated by org.testng.reporters.JUnitReportReporter -->
<testsuite hostname="CGSCLXI44683180" name="practice.Customization1" tests="1" failures="0" timestamp="17 Aug 2019 10:59:54 GMT" time="5.241" errors="0">
  <testcase name="postData" time="5.241" classname="practice.Customization1"/>
</testsuite> <!-- practice.Customization1 -->
